nohup: ignoring input
W1018 11:39:37.459463    2310 validation.go:154] TLSTunnelPrivateKeyFile does not exist in /etc/kubeedge/certs/server.key, will load from secret
W1018 11:39:37.459635    2310 validation.go:157] TLSTunnelCertFile does not exist in /etc/kubeedge/certs/server.crt, will load from secret
W1018 11:39:37.459655    2310 validation.go:160] TLSTunnelCAFile does not exist in /etc/kubeedge/ca/rootCA.crt, will load from secret
I1018 11:39:37.459680    2310 server.go:73] Version: v1.8.1
I1018 11:39:38.478301    2310 module.go:34] Module cloudhub registered successfully
I1018 11:39:38.485996    2310 module.go:34] Module edgecontroller registered successfully
I1018 11:39:38.486074    2310 module.go:34] Module devicecontroller registered successfully
I1018 11:39:38.486105    2310 module.go:34] Module synccontroller registered successfully
I1018 11:39:38.486139    2310 module.go:34] Module cloudStream registered successfully
W1018 11:39:38.486148    2310 module.go:37] Module router is disabled, do not register
W1018 11:39:38.486157    2310 module.go:37] Module dynamiccontroller is disabled, do not register
I1018 11:39:38.489239    2310 core.go:24] Starting module cloudhub
I1018 11:39:38.489288    2310 core.go:24] Starting module edgecontroller
I1018 11:39:38.489327    2310 core.go:24] Starting module devicecontroller
I1018 11:39:38.489345    2310 upstream.go:124] start upstream controller
I1018 11:39:38.489362    2310 core.go:24] Starting module synccontroller
I1018 11:39:38.489401    2310 core.go:24] Starting module cloudStream
I1018 11:39:38.489443    2310 downstream.go:873] Start downstream devicecontroller
I1018 11:39:38.489607    2310 downstream.go:349] start downstream controller
I1018 11:39:38.589471    2310 server.go:246] Ca and CaKey don't exist in local directory, and will read from the secret
W1018 11:39:38.589605    2310 channelq.go:294] nodeQueue for edge node localhost.localdomain not found and created now
W1018 11:39:38.589666    2310 channelq.go:322] nodeStore for edge node localhost.localdomain not found and created now
I1018 11:39:38.594378    2310 server.go:291] CloudCoreCert and key don't exist in local directory, and will read from the secret
I1018 11:39:38.598133    2310 tunnelserver.go:136] Succeed in loading TunnelCA from CloudHub
I1018 11:39:38.598416    2310 tunnelserver.go:149] Succeed in loading TunnelCert and Key from CloudHub
I1018 11:39:38.598713    2310 streamserver.go:286] Prepare to start stream server ...
I1018 11:39:38.609929    2310 tunnelserver.go:169] Prepare to start tunnel server ...
I1018 11:39:38.690556    2310 signcerts.go:100] Succeed to creating token
I1018 11:39:38.690633    2310 server.go:44] start unix domain socket server
I1018 11:39:38.691032    2310 uds.go:71] listening on: //var/lib/kubeedge/kubeedge.sock
I1018 11:39:38.691224    2310 server.go:64] Starting cloudhub websocket server
I1018 11:39:40.489859    2310 upstream.go:63] Start upstream devicecontroller
I1018 11:40:14.772749    2310 messagehandler.go:293] edge node localhost.localdomain for project e632aba927ea4ac2b575ec1603d56f10 connected
W1018 11:40:14.772792    2310 upstream.go:186] parse message: 311035c1-607b-454a-aa55-b14b2ca443fe resource type with error: resource type not found
I1018 11:40:14.773224    2310 upstream.go:88] Dispatch message: 78446cde-7077-4329-8bc6-20a01700b65a
I1018 11:40:14.773272    2310 upstream.go:95] Message: 78446cde-7077-4329-8bc6-20a01700b65a, resource type is: membership/detail
W1018 11:40:37.829793    2310 upstream.go:186] parse message:  resource type with error: resource type not found
E1018 11:40:37.915020    2310 ws.go:122] failed to read message, error: websocket: close 1006 (abnormal closure): unexpected EOF
I1018 11:40:38.302707    2310 upstream.go:88] Dispatch message: 310c4ff8-5bdc-41bd-a607-ce6f58c57d19
I1018 11:40:38.302752    2310 upstream.go:95] Message: 310c4ff8-5bdc-41bd-a607-ce6f58c57d19, resource type is: membership/detail
I1018 11:40:38.457559    2310 upstream.go:428] node: localhost.localdomain already exists, do nothing
I1018 11:40:40.302001    2310 tunnelserver.go:110] get a new tunnel agent hostname localhost.localdomain, internalIP 192.168.3.149
I1018 11:42:38.287041    2310 upstream.go:88] Dispatch message: 310c4ff8-5bdc-41bd-a607-ce6f58c57d19
I1018 11:42:38.287083    2310 upstream.go:95] Message: 310c4ff8-5bdc-41bd-a607-ce6f58c57d19, resource type is: membership/detail
I1018 11:43:38.287428    2310 upstream.go:88] Dispatch message: 310c4ff8-5bdc-41bd-a607-ce6f58c57d19
I1018 11:43:38.287493    2310 upstream.go:95] Message: 310c4ff8-5bdc-41bd-a607-ce6f58c57d19, resource type is: membership/detail
I1018 11:44:38.287536    2310 upstream.go:88] Dispatch message: 310c4ff8-5bdc-41bd-a607-ce6f58c57d19
I1018 11:44:38.287589    2310 upstream.go:95] Message: 310c4ff8-5bdc-41bd-a607-ce6f58c57d19, resource type is: membership/detail
I1018 11:45:38.287626    2310 upstream.go:88] Dispatch message: 310c4ff8-5bdc-41bd-a607-ce6f58c57d19
I1018 11:45:38.287672    2310 upstream.go:95] Message: 310c4ff8-5bdc-41bd-a607-ce6f58c57d19, resource type is: membership/detail
I1018 11:46:38.288053    2310 upstream.go:88] Dispatch message: 310c4ff8-5bdc-41bd-a607-ce6f58c57d19
I1018 11:46:38.288102    2310 upstream.go:95] Message: 310c4ff8-5bdc-41bd-a607-ce6f58c57d19, resource type is: membership/detail
I1018 11:47:38.288062    2310 upstream.go:88] Dispatch message: 310c4ff8-5bdc-41bd-a607-ce6f58c57d19
I1018 11:47:38.288104    2310 upstream.go:95] Message: 310c4ff8-5bdc-41bd-a607-ce6f58c57d19, resource type is: membership/detail
I1018 11:48:38.288382    2310 upstream.go:88] Dispatch message: 310c4ff8-5bdc-41bd-a607-ce6f58c57d19
I1018 11:48:38.288458    2310 upstream.go:95] Message: 310c4ff8-5bdc-41bd-a607-ce6f58c57d19, resource type is: membership/detail
I1018 11:49:38.289011    2310 upstream.go:88] Dispatch message: 310c4ff8-5bdc-41bd-a607-ce6f58c57d19
I1018 11:49:38.289043    2310 upstream.go:95] Message: 310c4ff8-5bdc-41bd-a607-ce6f58c57d19, resource type is: membership/detail
I1018 11:50:38.288887    2310 upstream.go:88] Dispatch message: 310c4ff8-5bdc-41bd-a607-ce6f58c57d19
I1018 11:50:38.288929    2310 upstream.go:95] Message: 310c4ff8-5bdc-41bd-a607-ce6f58c57d19, resource type is: membership/detail
I1018 11:51:38.289126    2310 upstream.go:88] Dispatch message: 310c4ff8-5bdc-41bd-a607-ce6f58c57d19
I1018 11:51:38.289157    2310 upstream.go:95] Message: 310c4ff8-5bdc-41bd-a607-ce6f58c57d19, resource type is: membership/detail
I1018 11:52:38.289070    2310 upstream.go:88] Dispatch message: 310c4ff8-5bdc-41bd-a607-ce6f58c57d19
I1018 11:52:38.289117    2310 upstream.go:95] Message: 310c4ff8-5bdc-41bd-a607-ce6f58c57d19, resource type is: membership/detail
I1018 11:55:38.289345    2310 upstream.go:88] Dispatch message: 310c4ff8-5bdc-41bd-a607-ce6f58c57d19
I1018 11:55:38.289388    2310 upstream.go:95] Message: 310c4ff8-5bdc-41bd-a607-ce6f58c57d19, resource type is: membership/detail
I1018 11:56:38.289374    2310 upstream.go:88] Dispatch message: 310c4ff8-5bdc-41bd-a607-ce6f58c57d19
I1018 11:56:38.289431    2310 upstream.go:95] Message: 310c4ff8-5bdc-41bd-a607-ce6f58c57d19, resource type is: membership/detail
I1018 11:57:38.289539    2310 upstream.go:88] Dispatch message: 310c4ff8-5bdc-41bd-a607-ce6f58c57d19
I1018 11:57:38.289582    2310 upstream.go:95] Message: 310c4ff8-5bdc-41bd-a607-ce6f58c57d19, resource type is: membership/detail
I1018 11:58:38.289814    2310 upstream.go:88] Dispatch message: 310c4ff8-5bdc-41bd-a607-ce6f58c57d19
I1018 11:58:38.289867    2310 upstream.go:95] Message: 310c4ff8-5bdc-41bd-a607-ce6f58c57d19, resource type is: membership/detail
I1018 11:59:38.289872    2310 upstream.go:88] Dispatch message: 310c4ff8-5bdc-41bd-a607-ce6f58c57d19
I1018 11:59:38.289918    2310 upstream.go:95] Message: 310c4ff8-5bdc-41bd-a607-ce6f58c57d19, resource type is: membership/detail
I1018 12:01:38.290054    2310 upstream.go:88] Dispatch message: 310c4ff8-5bdc-41bd-a607-ce6f58c57d19
I1018 12:01:38.290091    2310 upstream.go:95] Message: 310c4ff8-5bdc-41bd-a607-ce6f58c57d19, resource type is: membership/detail
I1018 12:03:38.291169    2310 upstream.go:88] Dispatch message: 310c4ff8-5bdc-41bd-a607-ce6f58c57d19
I1018 12:03:38.291232    2310 upstream.go:95] Message: 310c4ff8-5bdc-41bd-a607-ce6f58c57d19, resource type is: membership/detail
I1018 12:04:33.362617    2310 session.go:125] Add a new apiserver connection APIServer_MetricsConnection MessageID 1 in to Tunnel session [localhost.localdomain]
I1018 12:04:33.374139    2310 containermetrics_connection.go:93] APIServer_MetricsConnection MessageID 1 end successful
I1018 12:04:33.374175    2310 session.go:133] Delete a apiserver connection APIServer_MetricsConnection MessageID 1 from Tunnel session [localhost.localdomain]
I1018 12:04:33.374188    2310 streamserver.go:192] Delete APIServer_MetricsConnection MessageID 1 from Tunnel session [localhost.localdomain]
E1018 12:04:33.374202    2310 streamserver.go:156] apiconnection Serve APIServer_MetricsConnection MessageID 1 in Tunnel session [localhost.localdomain] error APIServer_MetricsConnection MessageID 1 find edge peer done, so stop this connection
I1018 12:04:48.359266    2310 session.go:125] Add a new apiserver connection APIServer_MetricsConnection MessageID 2 in to Tunnel session [localhost.localdomain]
I1018 12:04:48.370917    2310 containermetrics_connection.go:93] APIServer_MetricsConnection MessageID 2 end successful
I1018 12:04:48.370965    2310 session.go:133] Delete a apiserver connection APIServer_MetricsConnection MessageID 2 from Tunnel session [localhost.localdomain]
I1018 12:04:48.370978    2310 streamserver.go:192] Delete APIServer_MetricsConnection MessageID 2 from Tunnel session [localhost.localdomain]
E1018 12:04:48.370985    2310 streamserver.go:156] apiconnection Serve APIServer_MetricsConnection MessageID 2 in Tunnel session [localhost.localdomain] error APIServer_MetricsConnection MessageID 2 find edge peer done, so stop this connection
I1018 12:05:03.357245    2310 session.go:125] Add a new apiserver connection APIServer_MetricsConnection MessageID 3 in to Tunnel session [localhost.localdomain]
I1018 12:05:03.368662    2310 containermetrics_connection.go:93] APIServer_MetricsConnection MessageID 3 end successful
I1018 12:05:03.368709    2310 session.go:133] Delete a apiserver connection APIServer_MetricsConnection MessageID 3 from Tunnel session [localhost.localdomain]
I1018 12:05:03.368718    2310 streamserver.go:192] Delete APIServer_MetricsConnection MessageID 3 from Tunnel session [localhost.localdomain]
E1018 12:05:03.368726    2310 streamserver.go:156] apiconnection Serve APIServer_MetricsConnection MessageID 3 in Tunnel session [localhost.localdomain] error APIServer_MetricsConnection MessageID 3 find edge peer done, so stop this connection
I1018 12:05:18.351451    2310 session.go:125] Add a new apiserver connection APIServer_MetricsConnection MessageID 4 in to Tunnel session [localhost.localdomain]
I1018 12:05:18.360596    2310 containermetrics_connection.go:93] APIServer_MetricsConnection MessageID 4 end successful
I1018 12:05:18.360638    2310 session.go:133] Delete a apiserver connection APIServer_MetricsConnection MessageID 4 from Tunnel session [localhost.localdomain]
I1018 12:05:18.360648    2310 streamserver.go:192] Delete APIServer_MetricsConnection MessageID 4 from Tunnel session [localhost.localdomain]
E1018 12:05:18.360655    2310 streamserver.go:156] apiconnection Serve APIServer_MetricsConnection MessageID 4 in Tunnel session [localhost.localdomain] error APIServer_MetricsConnection MessageID 4 find edge peer done, so stop this connection
I1018 12:05:33.359039    2310 session.go:125] Add a new apiserver connection APIServer_MetricsConnection MessageID 5 in to Tunnel session [localhost.localdomain]
I1018 12:05:33.372230    2310 containermetrics_connection.go:93] APIServer_MetricsConnection MessageID 5 end successful
I1018 12:05:33.372263    2310 session.go:133] Delete a apiserver connection APIServer_MetricsConnection MessageID 5 from Tunnel session [localhost.localdomain]
I1018 12:05:33.372273    2310 streamserver.go:192] Delete APIServer_MetricsConnection MessageID 5 from Tunnel session [localhost.localdomain]
E1018 12:05:33.372280    2310 streamserver.go:156] apiconnection Serve APIServer_MetricsConnection MessageID 5 in Tunnel session [localhost.localdomain] error APIServer_MetricsConnection MessageID 5 find edge peer done, so stop this connection
I1018 12:05:38.290491    2310 upstream.go:88] Dispatch message: 310c4ff8-5bdc-41bd-a607-ce6f58c57d19
I1018 12:05:38.290537    2310 upstream.go:95] Message: 310c4ff8-5bdc-41bd-a607-ce6f58c57d19, resource type is: membership/detail
I1018 12:05:48.361343    2310 session.go:125] Add a new apiserver connection APIServer_MetricsConnection MessageID 6 in to Tunnel session [localhost.localdomain]
I1018 12:05:48.370416    2310 containermetrics_connection.go:93] APIServer_MetricsConnection MessageID 6 end successful
I1018 12:05:48.370462    2310 session.go:133] Delete a apiserver connection APIServer_MetricsConnection MessageID 6 from Tunnel session [localhost.localdomain]
I1018 12:05:48.370472    2310 streamserver.go:192] Delete APIServer_MetricsConnection MessageID 6 from Tunnel session [localhost.localdomain]
E1018 12:05:48.370479    2310 streamserver.go:156] apiconnection Serve APIServer_MetricsConnection MessageID 6 in Tunnel session [localhost.localdomain] error APIServer_MetricsConnection MessageID 6 find edge peer done, so stop this connection
I1018 12:06:03.353135    2310 session.go:125] Add a new apiserver connection APIServer_MetricsConnection MessageID 7 in to Tunnel session [localhost.localdomain]
I1018 12:06:03.361785    2310 containermetrics_connection.go:93] APIServer_MetricsConnection MessageID 7 end successful
I1018 12:06:03.361821    2310 session.go:133] Delete a apiserver connection APIServer_MetricsConnection MessageID 7 from Tunnel session [localhost.localdomain]
I1018 12:06:03.361831    2310 streamserver.go:192] Delete APIServer_MetricsConnection MessageID 7 from Tunnel session [localhost.localdomain]
E1018 12:06:03.361839    2310 streamserver.go:156] apiconnection Serve APIServer_MetricsConnection MessageID 7 in Tunnel session [localhost.localdomain] error APIServer_MetricsConnection MessageID 7 find edge peer done, so stop this connection
I1018 12:06:18.361132    2310 session.go:125] Add a new apiserver connection APIServer_MetricsConnection MessageID 8 in to Tunnel session [localhost.localdomain]
I1018 12:06:18.372023    2310 containermetrics_connection.go:93] APIServer_MetricsConnection MessageID 8 end successful
I1018 12:06:18.372073    2310 session.go:133] Delete a apiserver connection APIServer_MetricsConnection MessageID 8 from Tunnel session [localhost.localdomain]
I1018 12:06:18.372083    2310 streamserver.go:192] Delete APIServer_MetricsConnection MessageID 8 from Tunnel session [localhost.localdomain]
E1018 12:06:18.372090    2310 streamserver.go:156] apiconnection Serve APIServer_MetricsConnection MessageID 8 in Tunnel session [localhost.localdomain] error APIServer_MetricsConnection MessageID 8 find edge peer done, so stop this connection
I1018 12:06:33.359575    2310 session.go:125] Add a new apiserver connection APIServer_MetricsConnection MessageID 9 in to Tunnel session [localhost.localdomain]
I1018 12:06:33.369876    2310 containermetrics_connection.go:93] APIServer_MetricsConnection MessageID 9 end successful
I1018 12:06:33.369915    2310 session.go:133] Delete a apiserver connection APIServer_MetricsConnection MessageID 9 from Tunnel session [localhost.localdomain]
I1018 12:06:33.369926    2310 streamserver.go:192] Delete APIServer_MetricsConnection MessageID 9 from Tunnel session [localhost.localdomain]
E1018 12:06:33.369933    2310 streamserver.go:156] apiconnection Serve APIServer_MetricsConnection MessageID 9 in Tunnel session [localhost.localdomain] error APIServer_MetricsConnection MessageID 9 find edge peer done, so stop this connection
I1018 12:06:38.290360    2310 upstream.go:88] Dispatch message: 310c4ff8-5bdc-41bd-a607-ce6f58c57d19
I1018 12:06:38.290408    2310 upstream.go:95] Message: 310c4ff8-5bdc-41bd-a607-ce6f58c57d19, resource type is: membership/detail
I1018 12:06:48.361660    2310 session.go:125] Add a new apiserver connection APIServer_MetricsConnection MessageID 10 in to Tunnel session [localhost.localdomain]
I1018 12:06:48.373155    2310 containermetrics_connection.go:93] APIServer_MetricsConnection MessageID 10 end successful
I1018 12:06:48.373200    2310 session.go:133] Delete a apiserver connection APIServer_MetricsConnection MessageID 10 from Tunnel session [localhost.localdomain]
I1018 12:06:48.373210    2310 streamserver.go:192] Delete APIServer_MetricsConnection MessageID 10 from Tunnel session [localhost.localdomain]
E1018 12:06:48.373218    2310 streamserver.go:156] apiconnection Serve APIServer_MetricsConnection MessageID 10 in Tunnel session [localhost.localdomain] error APIServer_MetricsConnection MessageID 10 find edge peer done, so stop this connection
I1018 12:07:03.366377    2310 session.go:125] Add a new apiserver connection APIServer_MetricsConnection MessageID 11 in to Tunnel session [localhost.localdomain]
I1018 12:07:03.376987    2310 containermetrics_connection.go:93] APIServer_MetricsConnection MessageID 11 end successful
I1018 12:07:03.377041    2310 session.go:133] Delete a apiserver connection APIServer_MetricsConnection MessageID 11 from Tunnel session [localhost.localdomain]
I1018 12:07:03.377051    2310 streamserver.go:192] Delete APIServer_MetricsConnection MessageID 11 from Tunnel session [localhost.localdomain]
E1018 12:07:03.377058    2310 streamserver.go:156] apiconnection Serve APIServer_MetricsConnection MessageID 11 in Tunnel session [localhost.localdomain] error APIServer_MetricsConnection MessageID 11 find edge peer done, so stop this connection
I1018 12:07:18.356484    2310 session.go:125] Add a new apiserver connection APIServer_MetricsConnection MessageID 12 in to Tunnel session [localhost.localdomain]
I1018 12:07:18.365125    2310 containermetrics_connection.go:93] APIServer_MetricsConnection MessageID 12 end successful
I1018 12:07:18.365169    2310 session.go:133] Delete a apiserver connection APIServer_MetricsConnection MessageID 12 from Tunnel session [localhost.localdomain]
I1018 12:07:18.365179    2310 streamserver.go:192] Delete APIServer_MetricsConnection MessageID 12 from Tunnel session [localhost.localdomain]
E1018 12:07:18.365185    2310 streamserver.go:156] apiconnection Serve APIServer_MetricsConnection MessageID 12 in Tunnel session [localhost.localdomain] error APIServer_MetricsConnection MessageID 12 find edge peer done, so stop this connection
I1018 12:07:33.355711    2310 session.go:125] Add a new apiserver connection APIServer_MetricsConnection MessageID 13 in to Tunnel session [localhost.localdomain]
I1018 12:07:33.366389    2310 containermetrics_connection.go:93] APIServer_MetricsConnection MessageID 13 end successful
I1018 12:07:33.366417    2310 session.go:133] Delete a apiserver connection APIServer_MetricsConnection MessageID 13 from Tunnel session [localhost.localdomain]
I1018 12:07:33.366426    2310 streamserver.go:192] Delete APIServer_MetricsConnection MessageID 13 from Tunnel session [localhost.localdomain]
E1018 12:07:33.366433    2310 streamserver.go:156] apiconnection Serve APIServer_MetricsConnection MessageID 13 in Tunnel session [localhost.localdomain] error APIServer_MetricsConnection MessageID 13 find edge peer done, so stop this connection
I1018 12:07:38.290637    2310 upstream.go:88] Dispatch message: 310c4ff8-5bdc-41bd-a607-ce6f58c57d19
I1018 12:07:38.290694    2310 upstream.go:95] Message: 310c4ff8-5bdc-41bd-a607-ce6f58c57d19, resource type is: membership/detail
I1018 12:07:48.362359    2310 session.go:125] Add a new apiserver connection APIServer_MetricsConnection MessageID 14 in to Tunnel session [localhost.localdomain]
I1018 12:07:48.372370    2310 containermetrics_connection.go:93] APIServer_MetricsConnection MessageID 14 end successful
I1018 12:07:48.372429    2310 session.go:133] Delete a apiserver connection APIServer_MetricsConnection MessageID 14 from Tunnel session [localhost.localdomain]
I1018 12:07:48.372447    2310 streamserver.go:192] Delete APIServer_MetricsConnection MessageID 14 from Tunnel session [localhost.localdomain]
E1018 12:07:48.372460    2310 streamserver.go:156] apiconnection Serve APIServer_MetricsConnection MessageID 14 in Tunnel session [localhost.localdomain] error APIServer_MetricsConnection MessageID 14 find edge peer done, so stop this connection
I1018 12:08:03.356222    2310 session.go:125] Add a new apiserver connection APIServer_MetricsConnection MessageID 15 in to Tunnel session [localhost.localdomain]
I1018 12:08:03.365797    2310 containermetrics_connection.go:93] APIServer_MetricsConnection MessageID 15 end successful
I1018 12:08:03.365830    2310 session.go:133] Delete a apiserver connection APIServer_MetricsConnection MessageID 15 from Tunnel session [localhost.localdomain]
I1018 12:08:03.365839    2310 streamserver.go:192] Delete APIServer_MetricsConnection MessageID 15 from Tunnel session [localhost.localdomain]
E1018 12:08:03.365847    2310 streamserver.go:156] apiconnection Serve APIServer_MetricsConnection MessageID 15 in Tunnel session [localhost.localdomain] error APIServer_MetricsConnection MessageID 15 find edge peer done, so stop this connection
I1018 12:08:18.360927    2310 session.go:125] Add a new apiserver connection APIServer_MetricsConnection MessageID 16 in to Tunnel session [localhost.localdomain]
I1018 12:08:18.370996    2310 containermetrics_connection.go:93] APIServer_MetricsConnection MessageID 16 end successful
I1018 12:08:18.371031    2310 session.go:133] Delete a apiserver connection APIServer_MetricsConnection MessageID 16 from Tunnel session [localhost.localdomain]
I1018 12:08:18.371058    2310 streamserver.go:192] Delete APIServer_MetricsConnection MessageID 16 from Tunnel session [localhost.localdomain]
E1018 12:08:18.371077    2310 streamserver.go:156] apiconnection Serve APIServer_MetricsConnection MessageID 16 in Tunnel session [localhost.localdomain] error APIServer_MetricsConnection MessageID 16 find edge peer done, so stop this connection
I1018 12:08:33.363764    2310 session.go:125] Add a new apiserver connection APIServer_MetricsConnection MessageID 17 in to Tunnel session [localhost.localdomain]
I1018 12:08:33.376469    2310 containermetrics_connection.go:93] APIServer_MetricsConnection MessageID 17 end successful
I1018 12:08:33.376513    2310 session.go:133] Delete a apiserver connection APIServer_MetricsConnection MessageID 17 from Tunnel session [localhost.localdomain]
I1018 12:08:33.376523    2310 streamserver.go:192] Delete APIServer_MetricsConnection MessageID 17 from Tunnel session [localhost.localdomain]
E1018 12:08:33.376530    2310 streamserver.go:156] apiconnection Serve APIServer_MetricsConnection MessageID 17 in Tunnel session [localhost.localdomain] error APIServer_MetricsConnection MessageID 17 find edge peer done, so stop this connection
I1018 12:08:38.290626    2310 upstream.go:88] Dispatch message: 310c4ff8-5bdc-41bd-a607-ce6f58c57d19
I1018 12:08:38.290704    2310 upstream.go:95] Message: 310c4ff8-5bdc-41bd-a607-ce6f58c57d19, resource type is: membership/detail
I1018 12:08:48.363864    2310 session.go:125] Add a new apiserver connection APIServer_MetricsConnection MessageID 18 in to Tunnel session [localhost.localdomain]
I1018 12:08:48.375402    2310 containermetrics_connection.go:93] APIServer_MetricsConnection MessageID 18 end successful
I1018 12:08:48.375451    2310 session.go:133] Delete a apiserver connection APIServer_MetricsConnection MessageID 18 from Tunnel session [localhost.localdomain]
I1018 12:08:48.375463    2310 streamserver.go:192] Delete APIServer_MetricsConnection MessageID 18 from Tunnel session [localhost.localdomain]
E1018 12:08:48.375473    2310 streamserver.go:156] apiconnection Serve APIServer_MetricsConnection MessageID 18 in Tunnel session [localhost.localdomain] error APIServer_MetricsConnection MessageID 18 find edge peer done, so stop this connection
I1018 12:09:03.361560    2310 session.go:125] Add a new apiserver connection APIServer_MetricsConnection MessageID 19 in to Tunnel session [localhost.localdomain]
I1018 12:09:03.370003    2310 containermetrics_connection.go:93] APIServer_MetricsConnection MessageID 19 end successful
I1018 12:09:03.370049    2310 session.go:133] Delete a apiserver connection APIServer_MetricsConnection MessageID 19 from Tunnel session [localhost.localdomain]
I1018 12:09:03.370070    2310 streamserver.go:192] Delete APIServer_MetricsConnection MessageID 19 from Tunnel session [localhost.localdomain]
E1018 12:09:03.370079    2310 streamserver.go:156] apiconnection Serve APIServer_MetricsConnection MessageID 19 in Tunnel session [localhost.localdomain] error APIServer_MetricsConnection MessageID 19 find edge peer done, so stop this connection
I1018 12:09:18.351623    2310 session.go:125] Add a new apiserver connection APIServer_MetricsConnection MessageID 20 in to Tunnel session [localhost.localdomain]
I1018 12:09:18.361593    2310 containermetrics_connection.go:93] APIServer_MetricsConnection MessageID 20 end successful
I1018 12:09:18.361625    2310 session.go:133] Delete a apiserver connection APIServer_MetricsConnection MessageID 20 from Tunnel session [localhost.localdomain]
I1018 12:09:18.361635    2310 streamserver.go:192] Delete APIServer_MetricsConnection MessageID 20 from Tunnel session [localhost.localdomain]
E1018 12:09:18.361642    2310 streamserver.go:156] apiconnection Serve APIServer_MetricsConnection MessageID 20 in Tunnel session [localhost.localdomain] error APIServer_MetricsConnection MessageID 20 find edge peer done, so stop this connection
I1018 12:09:33.354342    2310 session.go:125] Add a new apiserver connection APIServer_MetricsConnection MessageID 21 in to Tunnel session [localhost.localdomain]
I1018 12:09:33.363845    2310 containermetrics_connection.go:93] APIServer_MetricsConnection MessageID 21 end successful
I1018 12:09:33.363872    2310 session.go:133] Delete a apiserver connection APIServer_MetricsConnection MessageID 21 from Tunnel session [localhost.localdomain]
I1018 12:09:33.363882    2310 streamserver.go:192] Delete APIServer_MetricsConnection MessageID 21 from Tunnel session [localhost.localdomain]
E1018 12:09:33.363889    2310 streamserver.go:156] apiconnection Serve APIServer_MetricsConnection MessageID 21 in Tunnel session [localhost.localdomain] error APIServer_MetricsConnection MessageID 21 find edge peer done, so stop this connection
I1018 12:09:38.290630    2310 upstream.go:88] Dispatch message: 310c4ff8-5bdc-41bd-a607-ce6f58c57d19
I1018 12:09:38.290679    2310 upstream.go:95] Message: 310c4ff8-5bdc-41bd-a607-ce6f58c57d19, resource type is: membership/detail
I1018 12:09:48.366419    2310 session.go:125] Add a new apiserver connection APIServer_MetricsConnection MessageID 22 in to Tunnel session [localhost.localdomain]
I1018 12:09:48.375687    2310 containermetrics_connection.go:93] APIServer_MetricsConnection MessageID 22 end successful
I1018 12:09:48.375736    2310 session.go:133] Delete a apiserver connection APIServer_MetricsConnection MessageID 22 from Tunnel session [localhost.localdomain]
I1018 12:09:48.375746    2310 streamserver.go:192] Delete APIServer_MetricsConnection MessageID 22 from Tunnel session [localhost.localdomain]
E1018 12:09:48.375776    2310 streamserver.go:156] apiconnection Serve APIServer_MetricsConnection MessageID 22 in Tunnel session [localhost.localdomain] error APIServer_MetricsConnection MessageID 22 find edge peer done, so stop this connection
I1018 12:10:03.360614    2310 session.go:125] Add a new apiserver connection APIServer_MetricsConnection MessageID 23 in to Tunnel session [localhost.localdomain]
I1018 12:10:03.371258    2310 containermetrics_connection.go:93] APIServer_MetricsConnection MessageID 23 end successful
I1018 12:10:03.371295    2310 session.go:133] Delete a apiserver connection APIServer_MetricsConnection MessageID 23 from Tunnel session [localhost.localdomain]
I1018 12:10:03.371304    2310 streamserver.go:192] Delete APIServer_MetricsConnection MessageID 23 from Tunnel session [localhost.localdomain]
E1018 12:10:03.371311    2310 streamserver.go:156] apiconnection Serve APIServer_MetricsConnection MessageID 23 in Tunnel session [localhost.localdomain] error APIServer_MetricsConnection MessageID 23 find edge peer done, so stop this connection
I1018 12:10:18.358424    2310 session.go:125] Add a new apiserver connection APIServer_MetricsConnection MessageID 24 in to Tunnel session [localhost.localdomain]
I1018 12:10:18.368146    2310 containermetrics_connection.go:93] APIServer_MetricsConnection MessageID 24 end successful
I1018 12:10:18.368194    2310 session.go:133] Delete a apiserver connection APIServer_MetricsConnection MessageID 24 from Tunnel session [localhost.localdomain]
I1018 12:10:18.368204    2310 streamserver.go:192] Delete APIServer_MetricsConnection MessageID 24 from Tunnel session [localhost.localdomain]
E1018 12:10:18.368211    2310 streamserver.go:156] apiconnection Serve APIServer_MetricsConnection MessageID 24 in Tunnel session [localhost.localdomain] error APIServer_MetricsConnection MessageID 24 find edge peer done, so stop this connection
I1018 12:10:33.359132    2310 session.go:125] Add a new apiserver connection APIServer_MetricsConnection MessageID 25 in to Tunnel session [localhost.localdomain]
I1018 12:10:33.369527    2310 containermetrics_connection.go:93] APIServer_MetricsConnection MessageID 25 end successful
I1018 12:10:33.369575    2310 session.go:133] Delete a apiserver connection APIServer_MetricsConnection MessageID 25 from Tunnel session [localhost.localdomain]
I1018 12:10:33.369586    2310 streamserver.go:192] Delete APIServer_MetricsConnection MessageID 25 from Tunnel session [localhost.localdomain]
E1018 12:10:33.369594    2310 streamserver.go:156] apiconnection Serve APIServer_MetricsConnection MessageID 25 in Tunnel session [localhost.localdomain] error APIServer_MetricsConnection MessageID 25 find edge peer done, so stop this connection
I1018 12:10:38.290849    2310 upstream.go:88] Dispatch message: 310c4ff8-5bdc-41bd-a607-ce6f58c57d19
I1018 12:10:38.290906    2310 upstream.go:95] Message: 310c4ff8-5bdc-41bd-a607-ce6f58c57d19, resource type is: membership/detail
I1018 12:10:48.357569    2310 session.go:125] Add a new apiserver connection APIServer_MetricsConnection MessageID 26 in to Tunnel session [localhost.localdomain]
I1018 12:10:48.369845    2310 containermetrics_connection.go:93] APIServer_MetricsConnection MessageID 26 end successful
I1018 12:10:48.369890    2310 session.go:133] Delete a apiserver connection APIServer_MetricsConnection MessageID 26 from Tunnel session [localhost.localdomain]
I1018 12:10:48.369900    2310 streamserver.go:192] Delete APIServer_MetricsConnection MessageID 26 from Tunnel session [localhost.localdomain]
E1018 12:10:48.369907    2310 streamserver.go:156] apiconnection Serve APIServer_MetricsConnection MessageID 26 in Tunnel session [localhost.localdomain] error APIServer_MetricsConnection MessageID 26 find edge peer done, so stop this connection
I1018 12:11:03.354174    2310 session.go:125] Add a new apiserver connection APIServer_MetricsConnection MessageID 27 in to Tunnel session [localhost.localdomain]
I1018 12:11:03.363740    2310 containermetrics_connection.go:93] APIServer_MetricsConnection MessageID 27 end successful
I1018 12:11:03.363773    2310 session.go:133] Delete a apiserver connection APIServer_MetricsConnection MessageID 27 from Tunnel session [localhost.localdomain]
I1018 12:11:03.363795    2310 streamserver.go:192] Delete APIServer_MetricsConnection MessageID 27 from Tunnel session [localhost.localdomain]
E1018 12:11:03.363803    2310 streamserver.go:156] apiconnection Serve APIServer_MetricsConnection MessageID 27 in Tunnel session [localhost.localdomain] error APIServer_MetricsConnection MessageID 27 find edge peer done, so stop this connection
I1018 12:11:18.364321    2310 session.go:125] Add a new apiserver connection APIServer_MetricsConnection MessageID 28 in to Tunnel session [localhost.localdomain]
I1018 12:11:18.377982    2310 containermetrics_connection.go:93] APIServer_MetricsConnection MessageID 28 end successful
I1018 12:11:18.378043    2310 session.go:133] Delete a apiserver connection APIServer_MetricsConnection MessageID 28 from Tunnel session [localhost.localdomain]
I1018 12:11:18.378217    2310 streamserver.go:192] Delete APIServer_MetricsConnection MessageID 28 from Tunnel session [localhost.localdomain]
E1018 12:11:18.378228    2310 streamserver.go:156] apiconnection Serve APIServer_MetricsConnection MessageID 28 in Tunnel session [localhost.localdomain] error APIServer_MetricsConnection MessageID 28 find edge peer done, so stop this connection
I1018 12:11:33.361735    2310 session.go:125] Add a new apiserver connection APIServer_MetricsConnection MessageID 29 in to Tunnel session [localhost.localdomain]
I1018 12:11:33.371704    2310 containermetrics_connection.go:93] APIServer_MetricsConnection MessageID 29 end successful
I1018 12:11:33.371748    2310 session.go:133] Delete a apiserver connection APIServer_MetricsConnection MessageID 29 from Tunnel session [localhost.localdomain]
I1018 12:11:33.371758    2310 streamserver.go:192] Delete APIServer_MetricsConnection MessageID 29 from Tunnel session [localhost.localdomain]
E1018 12:11:33.371771    2310 streamserver.go:156] apiconnection Serve APIServer_MetricsConnection MessageID 29 in Tunnel session [localhost.localdomain] error APIServer_MetricsConnection MessageID 29 find edge peer done, so stop this connection
I1018 12:11:38.291301    2310 upstream.go:88] Dispatch message: 310c4ff8-5bdc-41bd-a607-ce6f58c57d19
I1018 12:11:38.291345    2310 upstream.go:95] Message: 310c4ff8-5bdc-41bd-a607-ce6f58c57d19, resource type is: membership/detail
I1018 12:11:48.352554    2310 session.go:125] Add a new apiserver connection APIServer_MetricsConnection MessageID 30 in to Tunnel session [localhost.localdomain]
I1018 12:11:48.361816    2310 containermetrics_connection.go:93] APIServer_MetricsConnection MessageID 30 end successful
I1018 12:11:48.361842    2310 session.go:133] Delete a apiserver connection APIServer_MetricsConnection MessageID 30 from Tunnel session [localhost.localdomain]
I1018 12:11:48.361851    2310 streamserver.go:192] Delete APIServer_MetricsConnection MessageID 30 from Tunnel session [localhost.localdomain]
E1018 12:11:48.361858    2310 streamserver.go:156] apiconnection Serve APIServer_MetricsConnection MessageID 30 in Tunnel session [localhost.localdomain] error APIServer_MetricsConnection MessageID 30 find edge peer done, so stop this connection
I1018 12:12:03.353239    2310 session.go:125] Add a new apiserver connection APIServer_MetricsConnection MessageID 31 in to Tunnel session [localhost.localdomain]
I1018 12:12:03.363224    2310 containermetrics_connection.go:93] APIServer_MetricsConnection MessageID 31 end successful
I1018 12:12:03.363264    2310 session.go:133] Delete a apiserver connection APIServer_MetricsConnection MessageID 31 from Tunnel session [localhost.localdomain]
I1018 12:12:03.363275    2310 streamserver.go:192] Delete APIServer_MetricsConnection MessageID 31 from Tunnel session [localhost.localdomain]
E1018 12:12:03.363283    2310 streamserver.go:156] apiconnection Serve APIServer_MetricsConnection MessageID 31 in Tunnel session [localhost.localdomain] error APIServer_MetricsConnection MessageID 31 find edge peer done, so stop this connection
I1018 12:12:18.359109    2310 session.go:125] Add a new apiserver connection APIServer_MetricsConnection MessageID 32 in to Tunnel session [localhost.localdomain]
I1018 12:12:18.369141    2310 containermetrics_connection.go:93] APIServer_MetricsConnection MessageID 32 end successful
I1018 12:12:18.369170    2310 session.go:133] Delete a apiserver connection APIServer_MetricsConnection MessageID 32 from Tunnel session [localhost.localdomain]
I1018 12:12:18.369179    2310 streamserver.go:192] Delete APIServer_MetricsConnection MessageID 32 from Tunnel session [localhost.localdomain]
E1018 12:12:18.369186    2310 streamserver.go:156] apiconnection Serve APIServer_MetricsConnection MessageID 32 in Tunnel session [localhost.localdomain] error APIServer_MetricsConnection MessageID 32 find edge peer done, so stop this connection
I1018 12:12:33.357571    2310 session.go:125] Add a new apiserver connection APIServer_MetricsConnection MessageID 33 in to Tunnel session [localhost.localdomain]
I1018 12:12:33.367294    2310 containermetrics_connection.go:93] APIServer_MetricsConnection MessageID 33 end successful
I1018 12:12:33.367327    2310 session.go:133] Delete a apiserver connection APIServer_MetricsConnection MessageID 33 from Tunnel session [localhost.localdomain]
I1018 12:12:33.367351    2310 streamserver.go:192] Delete APIServer_MetricsConnection MessageID 33 from Tunnel session [localhost.localdomain]
E1018 12:12:33.367359    2310 streamserver.go:156] apiconnection Serve APIServer_MetricsConnection MessageID 33 in Tunnel session [localhost.localdomain] error APIServer_MetricsConnection MessageID 33 find edge peer done, so stop this connection
I1018 12:12:38.291421    2310 upstream.go:88] Dispatch message: 310c4ff8-5bdc-41bd-a607-ce6f58c57d19
I1018 12:12:38.291472    2310 upstream.go:95] Message: 310c4ff8-5bdc-41bd-a607-ce6f58c57d19, resource type is: membership/detail
I1018 12:12:48.359418    2310 session.go:125] Add a new apiserver connection APIServer_MetricsConnection MessageID 34 in to Tunnel session [localhost.localdomain]
I1018 12:12:48.369041    2310 containermetrics_connection.go:93] APIServer_MetricsConnection MessageID 34 end successful
I1018 12:12:48.369078    2310 session.go:133] Delete a apiserver connection APIServer_MetricsConnection MessageID 34 from Tunnel session [localhost.localdomain]
I1018 12:12:48.369089    2310 streamserver.go:192] Delete APIServer_MetricsConnection MessageID 34 from Tunnel session [localhost.localdomain]
E1018 12:12:48.369096    2310 streamserver.go:156] apiconnection Serve APIServer_MetricsConnection MessageID 34 in Tunnel session [localhost.localdomain] error APIServer_MetricsConnection MessageID 34 find edge peer done, so stop this connection
I1018 12:13:03.355356    2310 session.go:125] Add a new apiserver connection APIServer_MetricsConnection MessageID 35 in to Tunnel session [localhost.localdomain]
I1018 12:13:03.364140    2310 containermetrics_connection.go:93] APIServer_MetricsConnection MessageID 35 end successful
I1018 12:13:03.364200    2310 session.go:133] Delete a apiserver connection APIServer_MetricsConnection MessageID 35 from Tunnel session [localhost.localdomain]
I1018 12:13:03.364216    2310 streamserver.go:192] Delete APIServer_MetricsConnection MessageID 35 from Tunnel session [localhost.localdomain]
E1018 12:13:03.364229    2310 streamserver.go:156] apiconnection Serve APIServer_MetricsConnection MessageID 35 in Tunnel session [localhost.localdomain] error APIServer_MetricsConnection MessageID 35 find edge peer done, so stop this connection
I1018 12:13:18.359678    2310 session.go:125] Add a new apiserver connection APIServer_MetricsConnection MessageID 36 in to Tunnel session [localhost.localdomain]
I1018 12:13:18.369070    2310 containermetrics_connection.go:93] APIServer_MetricsConnection MessageID 36 end successful
I1018 12:13:18.369096    2310 session.go:133] Delete a apiserver connection APIServer_MetricsConnection MessageID 36 from Tunnel session [localhost.localdomain]
I1018 12:13:18.369105    2310 streamserver.go:192] Delete APIServer_MetricsConnection MessageID 36 from Tunnel session [localhost.localdomain]
E1018 12:13:18.369111    2310 streamserver.go:156] apiconnection Serve APIServer_MetricsConnection MessageID 36 in Tunnel session [localhost.localdomain] error APIServer_MetricsConnection MessageID 36 find edge peer done, so stop this connection
I1018 12:13:33.359880    2310 session.go:125] Add a new apiserver connection APIServer_MetricsConnection MessageID 37 in to Tunnel session [localhost.localdomain]
I1018 12:13:33.369052    2310 containermetrics_connection.go:93] APIServer_MetricsConnection MessageID 37 end successful
I1018 12:13:33.369104    2310 session.go:133] Delete a apiserver connection APIServer_MetricsConnection MessageID 37 from Tunnel session [localhost.localdomain]
I1018 12:13:33.369123    2310 streamserver.go:192] Delete APIServer_MetricsConnection MessageID 37 from Tunnel session [localhost.localdomain]
E1018 12:13:33.369138    2310 streamserver.go:156] apiconnection Serve APIServer_MetricsConnection MessageID 37 in Tunnel session [localhost.localdomain] error APIServer_MetricsConnection MessageID 37 find edge peer done, so stop this connection
I1018 12:13:38.291528    2310 upstream.go:88] Dispatch message: 310c4ff8-5bdc-41bd-a607-ce6f58c57d19
I1018 12:13:38.291570    2310 upstream.go:95] Message: 310c4ff8-5bdc-41bd-a607-ce6f58c57d19, resource type is: membership/detail
I1018 12:13:48.361449    2310 session.go:125] Add a new apiserver connection APIServer_MetricsConnection MessageID 38 in to Tunnel session [localhost.localdomain]
I1018 12:13:48.371419    2310 containermetrics_connection.go:93] APIServer_MetricsConnection MessageID 38 end successful
I1018 12:13:48.371449    2310 session.go:133] Delete a apiserver connection APIServer_MetricsConnection MessageID 38 from Tunnel session [localhost.localdomain]
I1018 12:13:48.371459    2310 streamserver.go:192] Delete APIServer_MetricsConnection MessageID 38 from Tunnel session [localhost.localdomain]
E1018 12:13:48.371466    2310 streamserver.go:156] apiconnection Serve APIServer_MetricsConnection MessageID 38 in Tunnel session [localhost.localdomain] error APIServer_MetricsConnection MessageID 38 find edge peer done, so stop this connection
I1018 12:14:03.354096    2310 session.go:125] Add a new apiserver connection APIServer_MetricsConnection MessageID 39 in to Tunnel session [localhost.localdomain]
I1018 12:14:03.363695    2310 containermetrics_connection.go:93] APIServer_MetricsConnection MessageID 39 end successful
I1018 12:14:03.363728    2310 session.go:133] Delete a apiserver connection APIServer_MetricsConnection MessageID 39 from Tunnel session [localhost.localdomain]
I1018 12:14:03.363745    2310 streamserver.go:192] Delete APIServer_MetricsConnection MessageID 39 from Tunnel session [localhost.localdomain]
E1018 12:14:03.363758    2310 streamserver.go:156] apiconnection Serve APIServer_MetricsConnection MessageID 39 in Tunnel session [localhost.localdomain] error APIServer_MetricsConnection MessageID 39 find edge peer done, so stop this connection
I1018 12:14:18.365189    2310 session.go:125] Add a new apiserver connection APIServer_MetricsConnection MessageID 40 in to Tunnel session [localhost.localdomain]
I1018 12:14:18.374811    2310 containermetrics_connection.go:93] APIServer_MetricsConnection MessageID 40 end successful
I1018 12:14:18.374858    2310 session.go:133] Delete a apiserver connection APIServer_MetricsConnection MessageID 40 from Tunnel session [localhost.localdomain]
I1018 12:14:18.374867    2310 streamserver.go:192] Delete APIServer_MetricsConnection MessageID 40 from Tunnel session [localhost.localdomain]
E1018 12:14:18.374874    2310 streamserver.go:156] apiconnection Serve APIServer_MetricsConnection MessageID 40 in Tunnel session [localhost.localdomain] error APIServer_MetricsConnection MessageID 40 find edge peer done, so stop this connection
I1018 12:14:33.353210    2310 session.go:125] Add a new apiserver connection APIServer_MetricsConnection MessageID 41 in to Tunnel session [localhost.localdomain]
I1018 12:14:33.363231    2310 containermetrics_connection.go:93] APIServer_MetricsConnection MessageID 41 end successful
I1018 12:14:33.363267    2310 session.go:133] Delete a apiserver connection APIServer_MetricsConnection MessageID 41 from Tunnel session [localhost.localdomain]
I1018 12:14:33.363277    2310 streamserver.go:192] Delete APIServer_MetricsConnection MessageID 41 from Tunnel session [localhost.localdomain]
E1018 12:14:33.363285    2310 streamserver.go:156] apiconnection Serve APIServer_MetricsConnection MessageID 41 in Tunnel session [localhost.localdomain] error APIServer_MetricsConnection MessageID 41 find edge peer done, so stop this connection
I1018 12:14:48.354700    2310 session.go:125] Add a new apiserver connection APIServer_MetricsConnection MessageID 42 in to Tunnel session [localhost.localdomain]
I1018 12:14:48.367571    2310 containermetrics_connection.go:93] APIServer_MetricsConnection MessageID 42 end successful
I1018 12:14:48.367618    2310 session.go:133] Delete a apiserver connection APIServer_MetricsConnection MessageID 42 from Tunnel session [localhost.localdomain]
I1018 12:14:48.367630    2310 streamserver.go:192] Delete APIServer_MetricsConnection MessageID 42 from Tunnel session [localhost.localdomain]
E1018 12:14:48.367653    2310 streamserver.go:156] apiconnection Serve APIServer_MetricsConnection MessageID 42 in Tunnel session [localhost.localdomain] error APIServer_MetricsConnection MessageID 42 find edge peer done, so stop this connection
I1018 12:15:03.358751    2310 session.go:125] Add a new apiserver connection APIServer_MetricsConnection MessageID 43 in to Tunnel session [localhost.localdomain]
I1018 12:15:03.369643    2310 containermetrics_connection.go:93] APIServer_MetricsConnection MessageID 43 end successful
I1018 12:15:03.369686    2310 session.go:133] Delete a apiserver connection APIServer_MetricsConnection MessageID 43 from Tunnel session [localhost.localdomain]
I1018 12:15:03.369696    2310 streamserver.go:192] Delete APIServer_MetricsConnection MessageID 43 from Tunnel session [localhost.localdomain]
E1018 12:15:03.369704    2310 streamserver.go:156] apiconnection Serve APIServer_MetricsConnection MessageID 43 in Tunnel session [localhost.localdomain] error APIServer_MetricsConnection MessageID 43 find edge peer done, so stop this connection
I1018 12:15:18.363624    2310 session.go:125] Add a new apiserver connection APIServer_MetricsConnection MessageID 44 in to Tunnel session [localhost.localdomain]
I1018 12:15:18.372699    2310 containermetrics_connection.go:93] APIServer_MetricsConnection MessageID 44 end successful
I1018 12:15:18.372734    2310 session.go:133] Delete a apiserver connection APIServer_MetricsConnection MessageID 44 from Tunnel session [localhost.localdomain]
I1018 12:15:18.372750    2310 streamserver.go:192] Delete APIServer_MetricsConnection MessageID 44 from Tunnel session [localhost.localdomain]
E1018 12:15:18.372761    2310 streamserver.go:156] apiconnection Serve APIServer_MetricsConnection MessageID 44 in Tunnel session [localhost.localdomain] error APIServer_MetricsConnection MessageID 44 find edge peer done, so stop this connection
I1018 12:15:33.352322    2310 session.go:125] Add a new apiserver connection APIServer_MetricsConnection MessageID 45 in to Tunnel session [localhost.localdomain]
I1018 12:15:33.361814    2310 containermetrics_connection.go:93] APIServer_MetricsConnection MessageID 45 end successful
I1018 12:15:33.361859    2310 session.go:133] Delete a apiserver connection APIServer_MetricsConnection MessageID 45 from Tunnel session [localhost.localdomain]
I1018 12:15:33.361868    2310 streamserver.go:192] Delete APIServer_MetricsConnection MessageID 45 from Tunnel session [localhost.localdomain]
E1018 12:15:33.361875    2310 streamserver.go:156] apiconnection Serve APIServer_MetricsConnection MessageID 45 in Tunnel session [localhost.localdomain] error APIServer_MetricsConnection MessageID 45 find edge peer done, so stop this connection
I1018 12:15:38.291970    2310 upstream.go:88] Dispatch message: 310c4ff8-5bdc-41bd-a607-ce6f58c57d19
I1018 12:15:38.292016    2310 upstream.go:95] Message: 310c4ff8-5bdc-41bd-a607-ce6f58c57d19, resource type is: membership/detail
I1018 12:15:48.363991    2310 session.go:125] Add a new apiserver connection APIServer_MetricsConnection MessageID 46 in to Tunnel session [localhost.localdomain]
I1018 12:15:48.376370    2310 containermetrics_connection.go:93] APIServer_MetricsConnection MessageID 46 end successful
I1018 12:15:48.376398    2310 session.go:133] Delete a apiserver connection APIServer_MetricsConnection MessageID 46 from Tunnel session [localhost.localdomain]
I1018 12:15:48.376407    2310 streamserver.go:192] Delete APIServer_MetricsConnection MessageID 46 from Tunnel session [localhost.localdomain]
E1018 12:15:48.376414    2310 streamserver.go:156] apiconnection Serve APIServer_MetricsConnection MessageID 46 in Tunnel session [localhost.localdomain] error APIServer_MetricsConnection MessageID 46 find edge peer done, so stop this connection
I1018 12:16:03.361739    2310 session.go:125] Add a new apiserver connection APIServer_MetricsConnection MessageID 47 in to Tunnel session [localhost.localdomain]
I1018 12:16:03.373540    2310 containermetrics_connection.go:93] APIServer_MetricsConnection MessageID 47 end successful
I1018 12:16:03.373610    2310 session.go:133] Delete a apiserver connection APIServer_MetricsConnection MessageID 47 from Tunnel session [localhost.localdomain]
I1018 12:16:03.373623    2310 streamserver.go:192] Delete APIServer_MetricsConnection MessageID 47 from Tunnel session [localhost.localdomain]
E1018 12:16:03.373631    2310 streamserver.go:156] apiconnection Serve APIServer_MetricsConnection MessageID 47 in Tunnel session [localhost.localdomain] error APIServer_MetricsConnection MessageID 47 find edge peer done, so stop this connection
I1018 12:16:18.355875    2310 session.go:125] Add a new apiserver connection APIServer_MetricsConnection MessageID 48 in to Tunnel session [localhost.localdomain]
I1018 12:16:18.367896    2310 containermetrics_connection.go:93] APIServer_MetricsConnection MessageID 48 end successful
I1018 12:16:18.367953    2310 session.go:133] Delete a apiserver connection APIServer_MetricsConnection MessageID 48 from Tunnel session [localhost.localdomain]
I1018 12:16:18.367967    2310 streamserver.go:192] Delete APIServer_MetricsConnection MessageID 48 from Tunnel session [localhost.localdomain]
E1018 12:16:18.367974    2310 streamserver.go:156] apiconnection Serve APIServer_MetricsConnection MessageID 48 in Tunnel session [localhost.localdomain] error APIServer_MetricsConnection MessageID 48 find edge peer done, so stop this connection
I1018 12:16:33.351149    2310 session.go:125] Add a new apiserver connection APIServer_MetricsConnection MessageID 49 in to Tunnel session [localhost.localdomain]
I1018 12:16:33.367883    2310 containermetrics_connection.go:93] APIServer_MetricsConnection MessageID 49 end successful
I1018 12:16:33.367934    2310 session.go:133] Delete a apiserver connection APIServer_MetricsConnection MessageID 49 from Tunnel session [localhost.localdomain]
I1018 12:16:33.367961    2310 streamserver.go:192] Delete APIServer_MetricsConnection MessageID 49 from Tunnel session [localhost.localdomain]
E1018 12:16:33.367971    2310 streamserver.go:156] apiconnection Serve APIServer_MetricsConnection MessageID 49 in Tunnel session [localhost.localdomain] error APIServer_MetricsConnection MessageID 49 find edge peer done, so stop this connection
I1018 12:16:38.292258    2310 upstream.go:88] Dispatch message: 310c4ff8-5bdc-41bd-a607-ce6f58c57d19
I1018 12:16:38.292310    2310 upstream.go:95] Message: 310c4ff8-5bdc-41bd-a607-ce6f58c57d19, resource type is: membership/detail
I1018 12:16:48.359836    2310 session.go:125] Add a new apiserver connection APIServer_MetricsConnection MessageID 50 in to Tunnel session [localhost.localdomain]
I1018 12:16:48.371021    2310 containermetrics_connection.go:93] APIServer_MetricsConnection MessageID 50 end successful
I1018 12:16:48.371046    2310 session.go:133] Delete a apiserver connection APIServer_MetricsConnection MessageID 50 from Tunnel session [localhost.localdomain]
I1018 12:16:48.371056    2310 streamserver.go:192] Delete APIServer_MetricsConnection MessageID 50 from Tunnel session [localhost.localdomain]
E1018 12:16:48.371063    2310 streamserver.go:156] apiconnection Serve APIServer_MetricsConnection MessageID 50 in Tunnel session [localhost.localdomain] error APIServer_MetricsConnection MessageID 50 find edge peer done, so stop this connection
I1018 12:17:03.356752    2310 session.go:125] Add a new apiserver connection APIServer_MetricsConnection MessageID 51 in to Tunnel session [localhost.localdomain]
I1018 12:17:03.367123    2310 containermetrics_connection.go:93] APIServer_MetricsConnection MessageID 51 end successful
I1018 12:17:03.367167    2310 session.go:133] Delete a apiserver connection APIServer_MetricsConnection MessageID 51 from Tunnel session [localhost.localdomain]
I1018 12:17:03.367190    2310 streamserver.go:192] Delete APIServer_MetricsConnection MessageID 51 from Tunnel session [localhost.localdomain]
E1018 12:17:03.367198    2310 streamserver.go:156] apiconnection Serve APIServer_MetricsConnection MessageID 51 in Tunnel session [localhost.localdomain] error APIServer_MetricsConnection MessageID 51 find edge peer done, so stop this connection
I1018 12:17:18.351906    2310 session.go:125] Add a new apiserver connection APIServer_MetricsConnection MessageID 52 in to Tunnel session [localhost.localdomain]
I1018 12:17:18.365028    2310 containermetrics_connection.go:93] APIServer_MetricsConnection MessageID 52 end successful
I1018 12:17:18.365063    2310 session.go:133] Delete a apiserver connection APIServer_MetricsConnection MessageID 52 from Tunnel session [localhost.localdomain]
I1018 12:17:18.365079    2310 streamserver.go:192] Delete APIServer_MetricsConnection MessageID 52 from Tunnel session [localhost.localdomain]
E1018 12:17:18.365087    2310 streamserver.go:156] apiconnection Serve APIServer_MetricsConnection MessageID 52 in Tunnel session [localhost.localdomain] error APIServer_MetricsConnection MessageID 52 find edge peer done, so stop this connection
I1018 12:17:33.360844    2310 session.go:125] Add a new apiserver connection APIServer_MetricsConnection MessageID 53 in to Tunnel session [localhost.localdomain]
I1018 12:17:33.371162    2310 containermetrics_connection.go:93] APIServer_MetricsConnection MessageID 53 end successful
I1018 12:17:33.371206    2310 session.go:133] Delete a apiserver connection APIServer_MetricsConnection MessageID 53 from Tunnel session [localhost.localdomain]
I1018 12:17:33.371217    2310 streamserver.go:192] Delete APIServer_MetricsConnection MessageID 53 from Tunnel session [localhost.localdomain]
E1018 12:17:33.371223    2310 streamserver.go:156] apiconnection Serve APIServer_MetricsConnection MessageID 53 in Tunnel session [localhost.localdomain] error APIServer_MetricsConnection MessageID 53 find edge peer done, so stop this connection
I1018 12:17:38.292053    2310 upstream.go:88] Dispatch message: 310c4ff8-5bdc-41bd-a607-ce6f58c57d19
I1018 12:17:38.292085    2310 upstream.go:95] Message: 310c4ff8-5bdc-41bd-a607-ce6f58c57d19, resource type is: membership/detail
I1018 12:17:48.357022    2310 session.go:125] Add a new apiserver connection APIServer_MetricsConnection MessageID 54 in to Tunnel session [localhost.localdomain]
I1018 12:17:48.369983    2310 containermetrics_connection.go:93] APIServer_MetricsConnection MessageID 54 end successful
I1018 12:17:48.370033    2310 session.go:133] Delete a apiserver connection APIServer_MetricsConnection MessageID 54 from Tunnel session [localhost.localdomain]
I1018 12:17:48.370043    2310 streamserver.go:192] Delete APIServer_MetricsConnection MessageID 54 from Tunnel session [localhost.localdomain]
E1018 12:17:48.370050    2310 streamserver.go:156] apiconnection Serve APIServer_MetricsConnection MessageID 54 in Tunnel session [localhost.localdomain] error APIServer_MetricsConnection MessageID 54 find edge peer done, so stop this connection
I1018 12:18:03.360766    2310 session.go:125] Add a new apiserver connection APIServer_MetricsConnection MessageID 55 in to Tunnel session [localhost.localdomain]
I1018 12:18:03.370459    2310 containermetrics_connection.go:93] APIServer_MetricsConnection MessageID 55 end successful
I1018 12:18:03.370499    2310 session.go:133] Delete a apiserver connection APIServer_MetricsConnection MessageID 55 from Tunnel session [localhost.localdomain]
I1018 12:18:03.370509    2310 streamserver.go:192] Delete APIServer_MetricsConnection MessageID 55 from Tunnel session [localhost.localdomain]
E1018 12:18:03.370516    2310 streamserver.go:156] apiconnection Serve APIServer_MetricsConnection MessageID 55 in Tunnel session [localhost.localdomain] error APIServer_MetricsConnection MessageID 55 find edge peer done, so stop this connection
I1018 12:18:18.365476    2310 session.go:125] Add a new apiserver connection APIServer_MetricsConnection MessageID 56 in to Tunnel session [localhost.localdomain]
I1018 12:18:18.374400    2310 containermetrics_connection.go:93] APIServer_MetricsConnection MessageID 56 end successful
I1018 12:18:18.374426    2310 session.go:133] Delete a apiserver connection APIServer_MetricsConnection MessageID 56 from Tunnel session [localhost.localdomain]
I1018 12:18:18.374454    2310 streamserver.go:192] Delete APIServer_MetricsConnection MessageID 56 from Tunnel session [localhost.localdomain]
E1018 12:18:18.374461    2310 streamserver.go:156] apiconnection Serve APIServer_MetricsConnection MessageID 56 in Tunnel session [localhost.localdomain] error APIServer_MetricsConnection MessageID 56 find edge peer done, so stop this connection
I1018 12:18:33.357203    2310 session.go:125] Add a new apiserver connection APIServer_MetricsConnection MessageID 57 in to Tunnel session [localhost.localdomain]
I1018 12:18:33.367052    2310 containermetrics_connection.go:93] APIServer_MetricsConnection MessageID 57 end successful
I1018 12:18:33.367089    2310 session.go:133] Delete a apiserver connection APIServer_MetricsConnection MessageID 57 from Tunnel session [localhost.localdomain]
I1018 12:18:33.367099    2310 streamserver.go:192] Delete APIServer_MetricsConnection MessageID 57 from Tunnel session [localhost.localdomain]
E1018 12:18:33.367107    2310 streamserver.go:156] apiconnection Serve APIServer_MetricsConnection MessageID 57 in Tunnel session [localhost.localdomain] error APIServer_MetricsConnection MessageID 57 find edge peer done, so stop this connection
I1018 12:18:48.365239    2310 session.go:125] Add a new apiserver connection APIServer_MetricsConnection MessageID 58 in to Tunnel session [localhost.localdomain]
I1018 12:18:48.373987    2310 containermetrics_connection.go:93] APIServer_MetricsConnection MessageID 58 end successful
I1018 12:18:48.374015    2310 session.go:133] Delete a apiserver connection APIServer_MetricsConnection MessageID 58 from Tunnel session [localhost.localdomain]
I1018 12:18:48.374025    2310 streamserver.go:192] Delete APIServer_MetricsConnection MessageID 58 from Tunnel session [localhost.localdomain]
E1018 12:18:48.374035    2310 streamserver.go:156] apiconnection Serve APIServer_MetricsConnection MessageID 58 in Tunnel session [localhost.localdomain] error APIServer_MetricsConnection MessageID 58 find edge peer done, so stop this connection
I1018 12:19:03.356575    2310 session.go:125] Add a new apiserver connection APIServer_MetricsConnection MessageID 59 in to Tunnel session [localhost.localdomain]
I1018 12:19:03.365783    2310 containermetrics_connection.go:93] APIServer_MetricsConnection MessageID 59 end successful
I1018 12:19:03.365813    2310 session.go:133] Delete a apiserver connection APIServer_MetricsConnection MessageID 59 from Tunnel session [localhost.localdomain]
I1018 12:19:03.365823    2310 streamserver.go:192] Delete APIServer_MetricsConnection MessageID 59 from Tunnel session [localhost.localdomain]
E1018 12:19:03.365830    2310 streamserver.go:156] apiconnection Serve APIServer_MetricsConnection MessageID 59 in Tunnel session [localhost.localdomain] error APIServer_MetricsConnection MessageID 59 find edge peer done, so stop this connection
I1018 12:19:18.364798    2310 session.go:125] Add a new apiserver connection APIServer_MetricsConnection MessageID 60 in to Tunnel session [localhost.localdomain]
I1018 12:19:18.377323    2310 containermetrics_connection.go:93] APIServer_MetricsConnection MessageID 60 end successful
I1018 12:19:18.377370    2310 session.go:133] Delete a apiserver connection APIServer_MetricsConnection MessageID 60 from Tunnel session [localhost.localdomain]
I1018 12:19:18.377388    2310 streamserver.go:192] Delete APIServer_MetricsConnection MessageID 60 from Tunnel session [localhost.localdomain]
E1018 12:19:18.377395    2310 streamserver.go:156] apiconnection Serve APIServer_MetricsConnection MessageID 60 in Tunnel session [localhost.localdomain] error APIServer_MetricsConnection MessageID 60 find edge peer done, so stop this connection
I1018 12:19:33.362080    2310 session.go:125] Add a new apiserver connection APIServer_MetricsConnection MessageID 61 in to Tunnel session [localhost.localdomain]
I1018 12:19:33.372404    2310 containermetrics_connection.go:93] APIServer_MetricsConnection MessageID 61 end successful
I1018 12:19:33.372444    2310 session.go:133] Delete a apiserver connection APIServer_MetricsConnection MessageID 61 from Tunnel session [localhost.localdomain]
I1018 12:19:33.372472    2310 streamserver.go:192] Delete APIServer_MetricsConnection MessageID 61 from Tunnel session [localhost.localdomain]
E1018 12:19:33.372480    2310 streamserver.go:156] apiconnection Serve APIServer_MetricsConnection MessageID 61 in Tunnel session [localhost.localdomain] error APIServer_MetricsConnection MessageID 61 find edge peer done, so stop this connection
I1018 12:19:38.292552    2310 upstream.go:88] Dispatch message: 310c4ff8-5bdc-41bd-a607-ce6f58c57d19
I1018 12:19:38.292599    2310 upstream.go:95] Message: 310c4ff8-5bdc-41bd-a607-ce6f58c57d19, resource type is: membership/detail
I1018 12:19:48.358872    2310 session.go:125] Add a new apiserver connection APIServer_MetricsConnection MessageID 62 in to Tunnel session [localhost.localdomain]
I1018 12:19:48.369009    2310 containermetrics_connection.go:93] APIServer_MetricsConnection MessageID 62 end successful
I1018 12:19:48.369046    2310 session.go:133] Delete a apiserver connection APIServer_MetricsConnection MessageID 62 from Tunnel session [localhost.localdomain]
I1018 12:19:48.369055    2310 streamserver.go:192] Delete APIServer_MetricsConnection MessageID 62 from Tunnel session [localhost.localdomain]
E1018 12:19:48.369062    2310 streamserver.go:156] apiconnection Serve APIServer_MetricsConnection MessageID 62 in Tunnel session [localhost.localdomain] error APIServer_MetricsConnection MessageID 62 find edge peer done, so stop this connection
I1018 12:20:03.350221    2310 session.go:125] Add a new apiserver connection APIServer_MetricsConnection MessageID 63 in to Tunnel session [localhost.localdomain]
I1018 12:20:03.359646    2310 containermetrics_connection.go:93] APIServer_MetricsConnection MessageID 63 end successful
I1018 12:20:03.359670    2310 session.go:133] Delete a apiserver connection APIServer_MetricsConnection MessageID 63 from Tunnel session [localhost.localdomain]
I1018 12:20:03.359680    2310 streamserver.go:192] Delete APIServer_MetricsConnection MessageID 63 from Tunnel session [localhost.localdomain]
E1018 12:20:03.359686    2310 streamserver.go:156] apiconnection Serve APIServer_MetricsConnection MessageID 63 in Tunnel session [localhost.localdomain] error APIServer_MetricsConnection MessageID 63 find edge peer done, so stop this connection
I1018 12:20:18.359422    2310 session.go:125] Add a new apiserver connection APIServer_MetricsConnection MessageID 64 in to Tunnel session [localhost.localdomain]
I1018 12:20:18.370135    2310 containermetrics_connection.go:93] APIServer_MetricsConnection MessageID 64 end successful
I1018 12:20:18.370183    2310 session.go:133] Delete a apiserver connection APIServer_MetricsConnection MessageID 64 from Tunnel session [localhost.localdomain]
I1018 12:20:18.370193    2310 streamserver.go:192] Delete APIServer_MetricsConnection MessageID 64 from Tunnel session [localhost.localdomain]
E1018 12:20:18.370201    2310 streamserver.go:156] apiconnection Serve APIServer_MetricsConnection MessageID 64 in Tunnel session [localhost.localdomain] error APIServer_MetricsConnection MessageID 64 find edge peer done, so stop this connection
I1018 12:20:33.362872    2310 session.go:125] Add a new apiserver connection APIServer_MetricsConnection MessageID 65 in to Tunnel session [localhost.localdomain]
I1018 12:20:33.374428    2310 containermetrics_connection.go:93] APIServer_MetricsConnection MessageID 65 end successful
I1018 12:20:33.374456    2310 session.go:133] Delete a apiserver connection APIServer_MetricsConnection MessageID 65 from Tunnel session [localhost.localdomain]
I1018 12:20:33.374465    2310 streamserver.go:192] Delete APIServer_MetricsConnection MessageID 65 from Tunnel session [localhost.localdomain]
E1018 12:20:33.374471    2310 streamserver.go:156] apiconnection Serve APIServer_MetricsConnection MessageID 65 in Tunnel session [localhost.localdomain] error APIServer_MetricsConnection MessageID 65 find edge peer done, so stop this connection
I1018 12:20:38.292545    2310 upstream.go:88] Dispatch me